Arguments: 
  C:\Program Files\nodejs\node.exe C:\Users\pierr\.yarn\bin\yarn.js add @vash

PATH: 
  C:\Users\pierr\AppData\Local\Programs\Python\Python37;C:\Users\pierr\.yarn\bin;C:\Users\pierr\.config\yarn\global\node_modules\.bin;C:\Users\pierr\bin;C:\Program Files\Git\mingw64\bin;C:\Program Files\Git\usr\local\bin;C:\Program Files\Git\usr\bin;C:\Program Files\Git\usr\bin;C:\Program Files\Git\mingw64\bin;C:\Program Files\Git\usr\bin;C:\Users\pierr\bin;C:\Program Files (x86)\Common Files\Oracle\Java\javapath;C:\Windows\system32;C:\Windows;C:\Windows\System32\Wbem;C:\Windows\System32\WindowsPowerShell\v1.0;C:\Windows\System32\OpenSSH;C:\Program Files (x86)\NVIDIA Corporation\PhysX\Common;C:\Program Files\NVIDIA Corporation\NVIDIA NvDLISR;C:\Program Files\Git\cmd;C:\WINDOWS\system32;C:\WINDOWS;C:\WINDOWS\System32\Wbem;C:\WINDOWS\System32\WindowsPowerShell\v1.0;C:\WINDOWS\System32\OpenSSH;C:\Program Files (x86)\Yarn\bin;C:\Program Files\nodejs;C:\ProgramData\ComposerSetup\bin;C:\ProgramData\chocolatey\bin;C:\Program Files\Docker\Docker\resources\bin;C:\ProgramData\DockerDesktop\version-bin;C:\D\dmd2\windows\bin;C:\Users\pierr\AppData\Local\Microsoft\WindowsApps;C:\Users\pierr\AppData\Local\atom\bin;C:\Users\pierr\AppData\Local\Microsoft\WindowsApps;C:\Program Files\heroku\bin;C:\Users\pierr\AppData\Local\Yarn\bin;C:\Program Files\PostgreSQL\11\bin;C:\Users\pierr\Desktop\efrei\exercism;C:\Users\pierr\AppData\Roaming\npm;C:\php;C:\Users\pierr\AppData\Roaming\Composer\vendor\bin;C:\Program Files\MongoDB\Server\4.2\bin;C:\tools\dart-sdk\bin;C:\Users\pierr\AppData\Roaming\Pub\Cache\bin;C:\Users\pierr\AppData\Local\Pub\Cache\bin;C:\tools\flutter\bin;C:\Users\pierr\AppData\Local\Programs\Microsoft VS Code\bin;C:\Program Files\Git\usr\bin\vendor_perl;C:\Program Files\Git\usr\bin\core_perl

Yarn version: 
  1.22.4

Node version: 
  13.11.0

Platform: 
  win32 x64

Trace: 
  Error: https://registry.yarnpkg.com/@vash: Request "https://registry.yarnpkg.com/@vash" returned a 405
      at Request.params.callback [as _callback] (C:\Users\pierr\.yarn\lib\cli.js:66996:18)
      at Request.self.callback (C:\Users\pierr\.yarn\lib\cli.js:140748:22)
      at Request.emit (events.js:315:20)
      at Request.<anonymous> (C:\Users\pierr\.yarn\lib\cli.js:141720:10)
      at Request.emit (events.js:315:20)
      at IncomingMessage.<anonymous> (C:\Users\pierr\.yarn\lib\cli.js:141642:12)
      at Object.onceWrapper (events.js:421:28)
      at IncomingMessage.emit (events.js:327:22)
      at endReadableNT (_stream_readable.js:1201:12)
      at processTicksAndRejections (internal/process/task_queues.js:84:21)

npm manifest: 
  {
    "name": "fp-exercises",
    "version": "1.0.0",
    "main": "index.js",
    "repository": "https://github.com/Seedockh/fp-exercises.git",
    "author": "pierr <pierre.herisse@gmail.com>",
    "license": "MIT",
    "dependencies": {
      "@types/node": "^14.6.4",
      "fp-ts": "^2.8.2",
      "node": "^14.8.0",
      "typescript": "^4.0.2",
      "vash": "^0.13.0"
    }
  }

yarn manifest: 
  No manifest

Lockfile: 
  # THIS IS AN AUTOGENERATED FILE. DO NOT EDIT THIS FILE DIRECTLY.
  # yarn lockfile v1
  
  
  "@types/node@^14.6.4":
    version "14.6.4"
    resolved "https://registry.yarnpkg.com/@types/node/-/node-14.6.4.tgz#a145cc0bb14ef9c4777361b7bbafa5cf8e3acb5a"
    integrity sha512-Wk7nG1JSaMfMpoMJDKUsWYugliB2Vy55pdjLpmLixeyMi7HizW2I/9QoxsPCkXl3dO+ZOVqPumKaDUv5zJu2uQ==
  
  commander@^5.0.0:
    version "5.1.0"
    resolved "https://registry.yarnpkg.com/commander/-/commander-5.1.0.tgz#46abbd1652f8e059bddaef99bbdcb2ad9cf179ae"
    integrity sha512-P0CysNDQ7rtVw4QIQtm+MRxV66vKFSvlsQvGYXZWR3qFU0jlMKHZZZgw8e+8DSah4UDKMqnknRDQz+xuQXQ/Zg==
  
  debug@^4.1.1:
    version "4.1.1"
    resolved "https://registry.yarnpkg.com/debug/-/debug-4.1.1.tgz#3b72260255109c6b589cee050f1d516139664791"
    integrity sha512-pYAIzeRo8J6KPEaJ0VWOh5Pzkbw/RetuzehGM7QRRX5he4fPHx2rdKMB256ehJCkX+XRQm16eZLqLNS8RSZXZw==
    dependencies:
      ms "^2.1.1"
  
  fp-ts@^2.8.2:
    version "2.8.2"
    resolved "https://registry.yarnpkg.com/fp-ts/-/fp-ts-2.8.2.tgz#7948dea1ceef32e487d7f7f47bd2d3c4fcccfc0d"
    integrity sha512-YKLBW75Rp+L9DuY1jr7QO6mZLTmJjy7tOqSAMcB2q2kBomqLjBMyV7dotpcnZmUYY6khMsfgYWtPbUDOFcNmkA==
  
  ms@^2.1.1:
    version "2.1.2"
    resolved "https://registry.yarnpkg.com/ms/-/ms-2.1.2.tgz#d09d1f357b443f493382a8eb3ccd183872ae6009"
    integrity sha512-sGkPx+VjMtmA6MX27oA4FBFELFCZZ4S4XqeGOXCv68tT+jb3vk/RyaKWP0PTKyWtmLSM0b+adUTEvbs1PEaH2w==
  
  node-bin-setup@^1.0.0:
    version "1.0.6"
    resolved "https://registry.yarnpkg.com/node-bin-setup/-/node-bin-setup-1.0.6.tgz#4b5c9bb937ece702d7069b36ca78af4684677528"
    integrity sha512-uPIxXNis1CRbv1DwqAxkgBk5NFV3s7cMN/Gf556jSw6jBvV7ca4F9lRL/8cALcZecRibeqU+5dFYqFFmzv5a0Q==
  
  node@^14.8.0:
    version "14.8.0"
    resolved "https://registry.yarnpkg.com/node/-/node-14.8.0.tgz#c9a165d8130c9901793f834113c5bbb10c308778"
    integrity sha512-F3hndEpkL32EaxbNawsUdMjQfPGAWvIlK8lMdQykI4Rp3dw/p9X1e0OFa0Tyvz1+hGefgT6lQWJ8wj1g/YvO9g==
    dependencies:
      node-bin-setup "^1.0.0"
  
  typescript@^4.0.2:
    version "4.0.2"
    resolved "https://registry.yarnpkg.com/typescript/-/typescript-4.0.2.tgz#7ea7c88777c723c681e33bf7988be5d008d05ac2"
    integrity sha512-e4ERvRV2wb+rRZ/IQeb3jm2VxBsirQLpQhdxplZ2MEzGvDkkMmPglecnNDfSUBivMjP93vRbngYYDQqQ/78bcQ==
  
  uglify-js@^3.8.0:
    version "3.10.4"
    resolved "https://registry.yarnpkg.com/uglify-js/-/uglify-js-3.10.4.tgz#dd680f5687bc0d7a93b14a3482d16db6eba2bfbb"
    integrity sha512-kBFT3U4Dcj4/pJ52vfjCSfyLyvG9VYYuGYPmrPvAxRw/i7xHiT4VvCev+uiEMcEEiu6UNB6KgWmGtSUYIWScbw==
  
  vash@^0.13.0:
    version "0.13.0"
    resolved "https://registry.yarnpkg.com/vash/-/vash-0.13.0.tgz#16c7bf9381124f27bb328bd6e659361353dda07a"
    integrity sha512-jtCJT60RgXkPMrIBoZL2YLrVSn5eG0J6WoGuLq6pF5QO99Lv0rz5i4tT+LMd4AkzSZHNqLZsqoT2qSsSIfckMg==
    dependencies:
      commander "^5.0.0"
      debug "^4.1.1"
      uglify-js "^3.8.0"
